d:\documents\desktop\dido\fmi\oop\online shop\project1\debug\vc142.pdb
d:\documents\desktop\dido\fmi\oop\online shop\project1\debug\vc142.idb
d:\documents\desktop\dido\fmi\oop\online shop\project1\debug\main.obj
d:\documents\desktop\dido\fmi\oop\online shop\project1\debug\product.obj
d:\documents\desktop\dido\fmi\oop\online shop\project1\debug\cart.obj
d:\documents\desktop\dido\fmi\oop\online shop\project1\debug\account.obj
d:\documents\desktop\dido\fmi\oop\online shop\project1\debug\shop.obj
d:\documents\desktop\dido\fmi\oop\online shop\project1\debug\smartphone.obj
d:\documents\desktop\dido\fmi\oop\online shop\project1\debug\shoe.obj
d:\documents\desktop\dido\fmi\oop\online shop\project1\debug\headphone.obj
d:\documents\desktop\dido\fmi\oop\online shop\project1\debug\smartphone_p.obj
d:\documents\desktop\dido\fmi\oop\online shop\project1\debug\smartphone_product.obj
d:\documents\desktop\dido\fmi\oop\online shop\debug\myonlineshop.pdb
d:\documents\desktop\dido\fmi\oop\online shop\project1\debug\myonlineshop.tlog\cl.command.1.tlog
d:\documents\desktop\dido\fmi\oop\online shop\project1\debug\myonlineshop.tlog\cl.read.1.tlog
d:\documents\desktop\dido\fmi\oop\online shop\project1\debug\myonlineshop.tlog\cl.write.1.tlog
d:\documents\desktop\dido\fmi\oop\online shop\project1\debug\myonlineshop.tlog\link.9644-cvtres.read.1.tlog
d:\documents\desktop\dido\fmi\oop\online shop\project1\debug\myonlineshop.tlog\link.9644-cvtres.write.1.tlog
d:\documents\desktop\dido\fmi\oop\online shop\project1\debug\myonlineshop.tlog\link.9644-rc.read.1.tlog
d:\documents\desktop\dido\fmi\oop\online shop\project1\debug\myonlineshop.tlog\link.9644-rc.write.1.tlog
d:\documents\desktop\dido\fmi\oop\online shop\project1\debug\myonlineshop.tlog\link.9644.read.1.tlog
d:\documents\desktop\dido\fmi\oop\online shop\project1\debug\myonlineshop.tlog\link.9644.write.1.tlog
d:\documents\desktop\dido\fmi\oop\online shop\project1\debug\myonlineshop.tlog\link.command.1.tlog
d:\documents\desktop\dido\fmi\oop\online shop\project1\debug\myonlineshop.tlog\link.read.1.tlog
d:\documents\desktop\dido\fmi\oop\online shop\project1\debug\myonlineshop.tlog\link.write.1.tlog
